<?xml version="1.0" encoding="UTF-8"?>
<!-- Generated by org.testng.reporters.JUnitXMLReporter -->
<testsuite ignored="0" hostname="LAPTOP-UU4U0ELH" failures="1" tests="10" name="Test" time="0.089" errors="0" timestamp="2022-05-11T14:30:01 IST">
  <testcase classname="Rahul_Udemy.Test5" name="MobileLoginhomeLoan" time="0.004"/>
  <testcase classname="Rahul_Udemy.Test5" name="WebHomelogin" time="0.001"/>
  <testcase classname="Rahul_Udemy.Test4" name="MobilesignincarLoan" time="0.001"/>
  <testcase classname="Rahul_Udemy.Test4" name="WebLoginlogin" time="0.001"/>
  <testcase classname="Rahul_Udemy.Test3" name="WebloginHomeloan" time="0.001"/>
  <testcase classname="Rahul_Udemy.Annotation" name="FlightBooking" time="0.0">
    <failure type="org.testng.TestNGException" message="
Parameter &amp;apos;adminUserid&amp;apos; is required by @Test on method FlightBooking but has not been marked @Optional or defined
in D:\KCSM12\SDET6_S\Batch.xml">
      <![CDATA[org.testng.TestNGException: 
Parameter 'adminUserid' is required by @Test on method FlightBooking but has not been marked @Optional or defined
in D:\KCSM12\SDET6_S\Batch.xml
at java.base/java.util.ArrayList.forEach(ArrayList.java:1511)
... Removed 26 stack frames]]>
    </failure>
  </testcase> <!-- FlightBooking -->
  <testcase classname="Rahul_Udemy.Annotation" name="OpeningBrowser" time="0.001"/>
  <testcase classname="Rahul_Udemy.Test2" name="ploan" time="0.002"/>
  <testcase classname="Rahul_Udemy.Test1" name="Demo" time="0.001"/>
  <testcase classname="Rahul_Udemy.Test1" name="SecoundTest" time="0.001"/>
</testsuite> <!-- Test -->
